[debug] [2021-04-13T08:30:28.313Z] ----------------------------------------------------------------------
[debug] [2021-04-13T08:30:28.318Z] Command:       C:\Program Files\nodejs\node.exe C:\Users\Uday\AppData\Roaming\npm\node_modules\firebase-tools\lib\bin\firebase.js deploy
[debug] [2021-04-13T08:30:28.319Z] CLI Version:   9.9.0
[debug] [2021-04-13T08:30:28.319Z] Platform:      win32
[debug] [2021-04-13T08:30:28.319Z] Node Version:  v12.19.0
[debug] [2021-04-13T08:30:28.345Z] Time:          Tue Apr 13 2021 01:30:28 GMT-0700 (Pacific Daylight Time)
[debug] [2021-04-13T08:30:28.345Z] ----------------------------------------------------------------------
[debug] 
[debug] [2021-04-13T08:30:28.371Z] >>> [apiv2][query] GET https://firebase-public.firebaseio.com/cli.json [none]
[debug] [2021-04-13T08:30:28.464Z] > command requires scopes: ["email","openid","https://www.googleapis.com/auth/cloudplatformprojects.readonly","https://www.googleapis.com/auth/firebase","https://www.googleapis.com/auth/cloud-platform"]
[debug] [2021-04-13T08:30:28.465Z] > authorizing via signed-in user (udaykumar8770@gmail.com)
[debug] [2021-04-13T08:30:28.465Z] [iam] checking project myportfolio-webapp1 for permissions ["firebase.projects.get","firebasehosting.sites.update"]
[debug] [2021-04-13T08:30:28.468Z] > refreshing access token with scopes: ["email","https://www.googleapis.com/auth/cloud-platform","https://www.googleapis.com/auth/cloudplatformprojects.readonly","https://www.googleapis.com/auth/firebase","openid"]
[debug] [2021-04-13T08:30:28.469Z] >>> HTTP REQUEST POST https://www.googleapis.com/oauth2/v3/token  
 <request body omitted>
[debug] [2021-04-13T08:30:29.119Z] <<< HTTP RESPONSE 200 {"pragma":"no-cache","expires":"Mon, 01 Jan 1990 00:00:00 GMT","date":"Mon, 12 Apr 2021 08:29:42 GMT","cache-control":"no-cache, no-store, max-age=0, must-revalidate","content-type":"application/json; charset=utf-8","vary":"X-Origin, Referer, Origin,Accept-Encoding","server":"scaffolding on HTTPServer2","x-xss-protection":"0","x-frame-options":"SAMEORIGIN","x-content-type-options":"nosniff","alt-svc":"h3-29=\":443\"; ma=2592000,h3-T051=\":443\"; ma=2592000,h3-Q050=\":443\"; ma=2592000,h3-Q046=\":443\"; ma=2592000,h3-Q043=\":443\"; ma=2592000,quic=\":443\"; ma=2592000; v=\"46,43\"","accept-ranges":"none","transfer-encoding":"chunked"}
[debug] [2021-04-13T08:30:29.192Z] >>> HTTP REQUEST POST https://cloudresourcemanager.googleapis.com/v1/projects/myportfolio-webapp1:testIamPermissions  
 {"permissions":["firebase.projects.get","firebasehosting.sites.update"]}
[debug] [2021-04-13T08:30:29.848Z] <<< [apiv2][status] GET https://firebase-public.firebaseio.com/cli.json 200
[debug] [2021-04-13T08:30:29.849Z] <<< [apiv2][body] GET https://firebase-public.firebaseio.com/cli.json {"cloudBuildErrorAfter":1594252800000,"cloudBuildWarnAfter":1590019200000,"defaultNode10After":1594252800000,"minVersion":"3.0.5","node8DeploysDisabledAfter":1613390400000,"node8RuntimeDisabledAfter":1615809600000,"node8WarnAfter":1600128000000}
[debug] [2021-04-13T08:30:31.371Z] <<< HTTP RESPONSE 200 {"content-type":"application/json; charset=UTF-8","vary":"X-Origin, Referer, Origin,Accept-Encoding","date":"Mon, 12 Apr 2021 08:29:44 GMT","server":"ESF","cache-control":"private","x-xss-protection":"0","x-frame-options":"SAMEORIGIN","x-content-type-options":"nosniff","server-timing":"gfet4t7; dur=1424","alt-svc":"h3-29=\":443\"; ma=2592000,h3-T051=\":443\"; ma=2592000,h3-Q050=\":443\"; ma=2592000,h3-Q046=\":443\"; ma=2592000,h3-Q043=\":443\"; ma=2592000,quic=\":443\"; ma=2592000; v=\"46,43\"","accept-ranges":"none","transfer-encoding":"chunked"}
[debug] [2021-04-13T08:30:31.374Z] > refreshing access token with scopes: []
[debug] [2021-04-13T08:30:31.374Z] >>> HTTP REQUEST POST https://www.googleapis.com/oauth2/v3/token  
 <request body omitted>
[debug] [2021-04-13T08:30:31.775Z] <<< HTTP RESPONSE 200 {"date":"Mon, 12 Apr 2021 08:29:45 GMT","expires":"Mon, 01 Jan 1990 00:00:00 GMT","cache-control":"no-cache, no-store, max-age=0, must-revalidate","pragma":"no-cache","content-type":"application/json; charset=utf-8","vary":"X-Origin, Referer, Origin,Accept-Encoding","server":"scaffolding on HTTPServer2","x-xss-protection":"0","x-frame-options":"SAMEORIGIN","x-content-type-options":"nosniff","alt-svc":"h3-29=\":443\"; ma=2592000,h3-T051=\":443\"; ma=2592000,h3-Q050=\":443\"; ma=2592000,h3-Q046=\":443\"; ma=2592000,h3-Q043=\":443\"; ma=2592000,quic=\":443\"; ma=2592000; v=\"46,43\"","accept-ranges":"none","transfer-encoding":"chunked"}
[debug] [2021-04-13T08:30:31.877Z] >>> [apiv2][query] GET https://firebase.googleapis.com/v1beta1/projects/myportfolio-webapp1 [none]
[debug] [2021-04-13T08:30:33.040Z] <<< [apiv2][status] GET https://firebase.googleapis.com/v1beta1/projects/myportfolio-webapp1 200
[debug] [2021-04-13T08:30:33.040Z] <<< [apiv2][body] GET https://firebase.googleapis.com/v1beta1/projects/myportfolio-webapp1 {"projectId":"myportfolio-webapp1","projectNumber":"189083360628","displayName":"myportfolio-webapp1","name":"projects/myportfolio-webapp1","resources":{"hostingSite":"myportfolio-webapp1"},"state":"ACTIVE"}
[info] 
[info] === Deploying to 'myportfolio-webapp1'...
[info] 
[info] i  deploying hosting 
[debug] [2021-04-13T08:30:33.073Z] > refreshing access token with scopes: ["email","https://www.googleapis.com/auth/cloud-platform","https://www.googleapis.com/auth/cloudplatformprojects.readonly","https://www.googleapis.com/auth/firebase","openid"]
[debug] [2021-04-13T08:30:33.074Z] >>> HTTP REQUEST POST https://www.googleapis.com/oauth2/v3/token  
 <request body omitted>
[debug] [2021-04-13T08:30:33.695Z] <<< HTTP RESPONSE 200 {"pragma":"no-cache","cache-control":"no-cache, no-store, max-age=0, must-revalidate","date":"Mon, 12 Apr 2021 08:29:47 GMT","expires":"Mon, 01 Jan 1990 00:00:00 GMT","content-type":"application/json; charset=utf-8","vary":"X-Origin, Referer, Origin,Accept-Encoding","server":"scaffolding on HTTPServer2","x-xss-protection":"0","x-frame-options":"SAMEORIGIN","x-content-type-options":"nosniff","alt-svc":"h3-29=\":443\"; ma=2592000,h3-T051=\":443\"; ma=2592000,h3-Q050=\":443\"; ma=2592000,h3-Q046=\":443\"; ma=2592000,h3-Q043=\":443\"; ma=2592000,quic=\":443\"; ma=2592000; v=\"46,43\"","accept-ranges":"none","transfer-encoding":"chunked"}
[debug] [2021-04-13T08:30:33.864Z] >>> HTTP REQUEST POST https://firebasehosting.googleapis.com/v1beta1/sites/myportfolio-webapp1/versions  
 {"config":{"rewrites":[{"glob":"**","path":"/index.html"}]},"labels":{"deployment-tool":"cli-firebase"}}
[debug] [2021-04-13T08:30:36.180Z] <<< HTTP RESPONSE 200 {"content-type":"application/json; charset=UTF-8","vary":"X-Origin, Referer, Origin,Accept-Encoding","date":"Mon, 12 Apr 2021 08:29:49 GMT","server":"ESF","cache-control":"private","x-xss-protection":"0","x-frame-options":"SAMEORIGIN","x-content-type-options":"nosniff","alt-svc":"h3-29=\":443\"; ma=2592000,h3-T051=\":443\"; ma=2592000,h3-Q050=\":443\"; ma=2592000,h3-Q046=\":443\"; ma=2592000,h3-Q043=\":443\"; ma=2592000,quic=\":443\"; ma=2592000; v=\"46,43\"","accept-ranges":"none","transfer-encoding":"chunked"}
[info] i  hosting[myportfolio-webapp1]: beginning deploy... 
[info] i  hosting[myportfolio-webapp1]: found 27 files in build 
[debug] [2021-04-13T08:30:37.020Z] > refreshing access token with scopes: []
[debug] [2021-04-13T08:30:37.020Z] >>> HTTP REQUEST POST https://www.googleapis.com/oauth2/v3/token  
 <request body omitted>
[debug] [2021-04-13T08:30:37.026Z] [hosting] hash cache [YnVpbGQ] stored for 27 files
[debug] [2021-04-13T08:30:37.028Z] [hosting][hash queue][FINAL] {"max":759,"min":11,"avg":224.62962962962962,"active":0,"complete":27,"success":27,"errored":0,"retried":0,"total":27,"elapsed":796}
